<?xml version="1.0" encoding="UTF-8"?>
<testng-results skipped="0" failed="0" total="1" passed="1">
  <reporter-output>
  </reporter-output>
  <suite name="Default suite" duration-ms="20" started-at="2015-04-21T07:10:37Z" finished-at="2015-04-21T07:10:37Z">
    <groups>
    </groups>
    <test name="Default test" duration-ms="20" started-at="2015-04-21T07:10:37Z" finished-at="2015-04-21T07:10:37Z">
      <class name="aqtpselenium.sanstockmarket">
        <test-method status="PASS" signature="teststockmarket()[pri:0, instance:aqtpselenium.sanstockmarket@ea4a92b]" name="teststockmarket" duration-ms="10" started-at="2015-04-21T12:40:37Z" finished-at="2015-04-21T12:40:37Z">
          <reporter-output>
          </reporter-output>
        </test-method> <!-- teststockmarket -->
      </class> <!-- aqtpselenium.sanstockmarket -->
    </test> <!-- Default test -->
  </suite> <!-- Default suite -->
</testng-results>
